<?xml version="1.0" encoding="UTF-8"?>
<Site BuildName="(empty)"
	BuildStamp="20240630-1535-Experimental"
	Name="react-ws-1"
	Generator="ctest-3.16.3"
	CompilerName="/usr/bin/c++"
	CompilerVersion="9.4.0"
	OSName="Linux"
	Hostname="react-ws-1"
	OSRelease="5.15.0-97-generic"
	OSVersion="#107~20.04.1-Ubuntu SMP Fri Feb 9 14:20:11 UTC 2024"
	OSPlatform="x86_64"
	Is64Bits="1"
	VendorString="GenuineIntel"
	VendorID="Intel Corporation"
	FamilyID="6"
	ModelID="151"
	ProcessorCacheSize="25600"
	NumberOfLogicalCPU="20"
	NumberOfPhysicalCPU="12"
	TotalVirtualMemory="2047"
	TotalPhysicalMemory="31780"
	LogicalProcessorsPerPhysical="1"
	ProcessorClockFrequency="4500"
	>
	<Testing>
		<StartDateTime>Jun 30 11:35 EDT</StartDateTime>
		<StartTestTime>1719761704</StartTestTime>
		<TestList/>
		<EndDateTime>Jun 30 11:35 EDT</EndDateTime>
		<EndTestTime>1719761704</EndTestTime>
		<ElapsedMinutes>0</ElapsedMinutes>
	</Testing>
</Site>
